============================= test session starts =============================
platform win32 -- Python 3.14.0, pytest-9.0.2, pluggy-1.6.0
rootdir: C:\Users\user\aml_a4
plugins: cov-7.0.0
collected 1 item

test.py .                                                                [100%]

=============================== tests coverage ================================
_______________ coverage: platform win32, python 3.14.0-final-0 _______________

Name      Stmts   Miss  Cover   Missing
---------------------------------------
test.py      17      0   100%
---------------------------------------
TOTAL        17      0   100%
============================= 1 passed in 26.43s ==============================
